INFO  10:56:35 Application started. Press Ctrl+C to shut down.
INFO  10:56:35 Hosting environment: Development
INFO  10:56:35 Content root path: F:\POD1\TransactionMicroservice\TransactionMicroservice
INFO  10:59:33 Application started. Press Ctrl+C to shut down.
INFO  10:59:33 Hosting environment: Development
INFO  10:59:33 Content root path: F:\POD1\TransactionMicroservice\TransactionMicroservice
INFO  10:59:37 Action Started
INFO  10:59:53 Application started. Press Ctrl+C to shut down.
INFO  10:59:54 Hosting environment: Development
INFO  10:59:54 Content root path: F:\POD1\TransactionMicroservice\TransactionMicroservice
INFO  10:59:58 Action Started
INFO  11:02:24 Application started. Press Ctrl+C to shut down.
INFO  11:02:24 Hosting environment: Development
INFO  11:02:24 Content root path: F:\POD1\TransactionMicroservice\TransactionMicroservice
INFO  11:02:31 Action Started
INFO  11:02:38 Action Started
INFO  11:02:38 Successfully executed
INFO  11:02:43 Action Started
INFO  11:02:43 Successfully executed
INFO  01:47:15 Application started. Press Ctrl+C to shut down.
INFO  01:47:15 Hosting environment: Development
INFO  01:47:15 Content root path: F:\POD1\TransactionMicroservice\TransactionMicroservice
INFO  01:53:16 Action Started
INFO  01:53:19 Successfully executed
INFO  01:55:30 Action Started
INFO  01:55:30 Successfully executed
INFO  01:56:26 Action Started
INFO  01:56:26 Successfully executed
INFO  01:56:45 Action Started
INFO  01:56:45 Successfully executed
INFO  01:57:19 Action Started
INFO  01:57:19 Successfully executed
INFO  01:57:56 Action Started
INFO  01:57:56 Successfully executed
INFO  11:14:18 Application started. Press Ctrl+C to shut down.
INFO  11:14:18 Hosting environment: Development
INFO  11:14:18 Content root path: F:\POD1\TransactionMicroservice\TransactionMicroservice
